0 verbose cli /usr/local/bin/node /usr/local/bin/npm
1 info using npm@10.8.2
2 info using node@v20.19.0
3 silly config load:file:/usr/local/lib/node_modules/npm/npmrc
4 silly config load:file:/Users/conkonig/development/tools/video-to-pretext/.npmrc
5 silly config load:file:/Users/conkonig/.npmrc
6 silly config load:file:/usr/local/etc/npmrc
7 verbose title npm install vite typescript @chenglou/pretext
8 verbose argv "install" "vite" "typescript" "@chenglou/pretext"
9 verbose logfile logs-max:10 dir:/Users/conkonig/development/tools/video-to-pretext/.npm-cache/_logs/2026-04-04T02_49_16_576Z-
10 verbose logfile /Users/conkonig/development/tools/video-to-pretext/.npm-cache/_logs/2026-04-04T02_49_16_576Z-debug-0.log
11 silly packumentCache heap:4345298944 maxSize:1086324736 maxEntrySize:543162368
12 silly logfile done cleaning log files
13 silly idealTree buildDeps
14 silly fetch manifest vite@*
15 silly packumentCache full:https://registry.npmjs.org/vite cache-miss
16 http fetch GET 200 https://registry.npmjs.org/vite 768ms (cache miss)
17 silly packumentCache full:https://registry.npmjs.org/vite set size:undefined disposed:false
18 silly fetch manifest @types/node@^20.19.0 || >=22.12.0
19 silly packumentCache full:https://registry.npmjs.org/@types%2fnode cache-miss
20 http fetch GET 200 https://registry.npmjs.org/@types%2fnode 102ms (cache miss)
21 silly packumentCache full:https://registry.npmjs.org/@types%2fnode set size:undefined disposed:false
22 silly fetch manifest @vitejs/devtools@^0.1.0
23 silly packumentCache full:https://registry.npmjs.org/@vitejs%2fdevtools cache-miss
24 http fetch GET 200 https://registry.npmjs.org/@vitejs%2fdevtools 403ms (cache miss)
25 silly packumentCache full:https://registry.npmjs.org/@vitejs%2fdevtools set size:undefined disposed:false
26 silly fetch manifest esbuild@^0.27.0
27 silly packumentCache full:https://registry.npmjs.org/esbuild cache-miss
28 http fetch GET 200 https://registry.npmjs.org/esbuild 47ms (cache miss)
29 silly packumentCache full:https://registry.npmjs.org/esbuild set size:undefined disposed:false
30 silly fetch manifest jiti@>=1.21.0
31 silly packumentCache full:https://registry.npmjs.org/jiti cache-miss
32 http fetch GET 200 https://registry.npmjs.org/jiti 235ms (cache miss)
33 silly packumentCache full:https://registry.npmjs.org/jiti set size:undefined disposed:false
34 silly fetch manifest less@^4.0.0
35 silly packumentCache full:https://registry.npmjs.org/less cache-miss
36 http fetch GET 200 https://registry.npmjs.org/less 41ms (cache miss)
37 silly packumentCache full:https://registry.npmjs.org/less set size:undefined disposed:false
38 silly fetch manifest sass@^1.70.0
39 silly packumentCache full:https://registry.npmjs.org/sass cache-miss
40 http fetch GET 200 https://registry.npmjs.org/sass 42ms (cache miss)
41 silly packumentCache full:https://registry.npmjs.org/sass set size:undefined disposed:false
42 silly fetch manifest sass-embedded@^1.70.0
43 silly packumentCache full:https://registry.npmjs.org/sass-embedded cache-miss
44 http fetch GET 200 https://registry.npmjs.org/sass-embedded 39ms (cache miss)
45 silly packumentCache full:https://registry.npmjs.org/sass-embedded set size:undefined disposed:false
46 silly fetch manifest stylus@>=0.54.8
47 silly packumentCache full:https://registry.npmjs.org/stylus cache-miss
48 http fetch GET 200 https://registry.npmjs.org/stylus 44ms (cache miss)
49 silly packumentCache full:https://registry.npmjs.org/stylus set size:undefined disposed:false
50 silly fetch manifest sugarss@^5.0.0
51 silly packumentCache full:https://registry.npmjs.org/sugarss cache-miss
52 http fetch GET 200 https://registry.npmjs.org/sugarss 24ms (cache miss)
53 silly packumentCache full:https://registry.npmjs.org/sugarss set size:undefined disposed:false
54 silly fetch manifest postcss@^8.3.3
55 silly packumentCache full:https://registry.npmjs.org/postcss cache-miss
56 http fetch GET 200 https://registry.npmjs.org/postcss 34ms (cache miss)
57 silly packumentCache full:https://registry.npmjs.org/postcss set size:undefined disposed:false
58 silly fetch manifest terser@^5.16.0
59 silly packumentCache full:https://registry.npmjs.org/terser cache-miss
60 http fetch GET 200 https://registry.npmjs.org/terser 33ms (cache miss)
61 silly packumentCache full:https://registry.npmjs.org/terser set size:undefined disposed:false
62 silly fetch manifest tsx@^4.8.1
63 silly packumentCache full:https://registry.npmjs.org/tsx cache-miss
64 http fetch GET 200 https://registry.npmjs.org/tsx 26ms (cache miss)
65 silly packumentCache full:https://registry.npmjs.org/tsx set size:undefined disposed:false
66 silly fetch manifest yaml@^2.4.2
67 silly packumentCache full:https://registry.npmjs.org/yaml cache-miss
68 http fetch GET 200 https://registry.npmjs.org/yaml 232ms (cache miss)
69 silly packumentCache full:https://registry.npmjs.org/yaml set size:undefined disposed:false
70 silly fetch manifest typescript@*
71 silly packumentCache full:https://registry.npmjs.org/typescript cache-miss
72 http fetch GET 200 https://registry.npmjs.org/typescript 414ms (cache miss)
73 silly packumentCache full:https://registry.npmjs.org/typescript set size:undefined disposed:false
74 silly fetch manifest @chenglou/pretext@*
75 silly packumentCache full:https://registry.npmjs.org/@chenglou%2fpretext cache-miss
76 http fetch GET 200 https://registry.npmjs.org/@chenglou%2fpretext 631ms (cache miss)
77 silly packumentCache full:https://registry.npmjs.org/@chenglou%2fpretext set size:undefined disposed:false
78 silly placeDep ROOT @chenglou/pretext@0.0.4 OK for: video-to-pretext@1.0.0 want: *
79 silly placeDep ROOT typescript@6.0.2 OK for: video-to-pretext@1.0.0 want: *
80 silly placeDep ROOT vite@8.0.3 OK for: video-to-pretext@1.0.0 want: *
81 silly fetch manifest lightningcss@^1.32.0
82 silly packumentCache full:https://registry.npmjs.org/lightningcss cache-miss
83 silly fetch manifest picomatch@^4.0.4
84 silly packumentCache full:https://registry.npmjs.org/picomatch cache-miss
85 silly fetch manifest postcss@^8.5.8
86 silly packumentCache full:https://registry.npmjs.org/postcss cache-miss
87 silly fetch manifest rolldown@1.0.0-rc.12
88 silly packumentCache full:https://registry.npmjs.org/rolldown cache-miss
89 silly fetch manifest tinyglobby@^0.2.15
90 silly packumentCache full:https://registry.npmjs.org/tinyglobby cache-miss
91 silly fetch manifest fsevents@~2.3.3
92 silly packumentCache full:https://registry.npmjs.org/fsevents cache-miss
93 http fetch GET 200 https://registry.npmjs.org/postcss 16ms (cache hit)
94 silly packumentCache full:https://registry.npmjs.org/postcss set size:702266 disposed:false
95 http fetch GET 200 https://registry.npmjs.org/lightningcss 39ms (cache miss)
96 silly packumentCache full:https://registry.npmjs.org/lightningcss set size:undefined disposed:false
97 http fetch GET 200 https://registry.npmjs.org/tinyglobby 59ms (cache miss)
98 silly packumentCache full:https://registry.npmjs.org/tinyglobby set size:undefined disposed:false
99 http fetch GET 200 https://registry.npmjs.org/fsevents 67ms (cache miss)
100 silly packumentCache full:https://registry.npmjs.org/fsevents set size:undefined disposed:false
101 http fetch GET 200 https://registry.npmjs.org/rolldown 97ms (cache miss)
102 silly packumentCache full:https://registry.npmjs.org/rolldown set size:undefined disposed:false
103 http fetch GET 200 https://registry.npmjs.org/picomatch 282ms (cache miss)
104 silly packumentCache full:https://registry.npmjs.org/picomatch set size:undefined disposed:false
105 silly placeDep ROOT fsevents@2.3.3 OK for: vite@8.0.3 want: ~2.3.3
106 silly placeDep ROOT lightningcss@1.32.0 OK for: vite@8.0.3 want: ^1.32.0
107 silly placeDep ROOT picomatch@4.0.4 OK for: vite@8.0.3 want: ^4.0.4
108 silly placeDep ROOT postcss@8.5.8 OK for: vite@8.0.3 want: ^8.5.8
109 silly placeDep ROOT rolldown@1.0.0-rc.12 OK for: vite@8.0.3 want: 1.0.0-rc.12
110 silly placeDep ROOT tinyglobby@0.2.15 OK for: vite@8.0.3 want: ^0.2.15
111 silly fetch manifest detect-libc@^2.0.3
112 silly packumentCache full:https://registry.npmjs.org/detect-libc cache-miss
113 silly fetch manifest lightningcss-darwin-x64@1.32.0
114 silly packumentCache full:https://registry.npmjs.org/lightningcss-darwin-x64 cache-miss
115 silly fetch manifest lightningcss-linux-x64-gnu@1.32.0
116 silly packumentCache full:https://registry.npmjs.org/lightningcss-linux-x64-gnu cache-miss
117 silly fetch manifest lightningcss-win32-x64-msvc@1.32.0
118 silly packumentCache full:https://registry.npmjs.org/lightningcss-win32-x64-msvc cache-miss
119 silly fetch manifest lightningcss-win32-arm64-msvc@1.32.0
120 silly packumentCache full:https://registry.npmjs.org/lightningcss-win32-arm64-msvc cache-miss
121 silly fetch manifest lightningcss-darwin-arm64@1.32.0
122 silly packumentCache full:https://registry.npmjs.org/lightningcss-darwin-arm64 cache-miss
123 silly fetch manifest lightningcss-linux-arm64-gnu@1.32.0
124 silly packumentCache full:https://registry.npmjs.org/lightningcss-linux-arm64-gnu cache-miss
125 silly fetch manifest lightningcss-linux-arm-gnueabihf@1.32.0
126 silly packumentCache full:https://registry.npmjs.org/lightningcss-linux-arm-gnueabihf cache-miss
127 silly fetch manifest lightningcss-linux-arm64-musl@1.32.0
128 silly packumentCache full:https://registry.npmjs.org/lightningcss-linux-arm64-musl cache-miss
129 http fetch GET 200 https://registry.npmjs.org/lightningcss-darwin-x64 41ms (cache miss)
130 silly packumentCache full:https://registry.npmjs.org/lightningcss-darwin-x64 set size:undefined disposed:false
131 silly fetch manifest lightningcss-linux-x64-musl@1.32.0
132 silly packumentCache full:https://registry.npmjs.org/lightningcss-linux-x64-musl cache-miss
133 http fetch GET 200 https://registry.npmjs.org/lightningcss-linux-x64-musl 38ms (cache miss)
134 silly packumentCache full:https://registry.npmjs.org/lightningcss-linux-x64-musl set size:undefined disposed:false
135 silly fetch manifest lightningcss-freebsd-x64@1.32.0
136 silly packumentCache full:https://registry.npmjs.org/lightningcss-freebsd-x64 cache-miss
137 http fetch GET 200 https://registry.npmjs.org/lightningcss-freebsd-x64 53ms (cache miss)
138 silly packumentCache full:https://registry.npmjs.org/lightningcss-freebsd-x64 set size:undefined disposed:false
139 silly fetch manifest lightningcss-android-arm64@1.32.0
140 silly packumentCache full:https://registry.npmjs.org/lightningcss-android-arm64 cache-miss
141 http fetch GET 200 https://registry.npmjs.org/lightningcss-android-arm64 28ms (cache miss)
142 silly packumentCache full:https://registry.npmjs.org/lightningcss-android-arm64 set size:undefined disposed:false
143 silly fetch manifest nanoid@^3.3.11
144 silly packumentCache full:https://registry.npmjs.org/nanoid cache-miss
145 http fetch GET 200 https://registry.npmjs.org/detect-libc 224ms (cache miss)
146 silly packumentCache full:https://registry.npmjs.org/detect-libc set size:undefined disposed:false
147 silly fetch manifest picocolors@^1.1.1
148 silly packumentCache full:https://registry.npmjs.org/picocolors cache-miss
149 http fetch GET 200 https://registry.npmjs.org/lightningcss-win32-x64-msvc 231ms (cache miss)
150 silly packumentCache full:https://registry.npmjs.org/lightningcss-win32-x64-msvc set size:undefined disposed:false
151 silly fetch manifest source-map-js@^1.2.1
152 silly packumentCache full:https://registry.npmjs.org/source-map-js cache-miss
153 http fetch GET 200 https://registry.npmjs.org/lightningcss-win32-arm64-msvc 238ms (cache miss)
154 silly packumentCache full:https://registry.npmjs.org/lightningcss-win32-arm64-msvc set size:undefined disposed:false
155 silly fetch manifest @oxc-project/types@=0.122.0
156 silly packumentCache full:https://registry.npmjs.org/@oxc-project%2ftypes cache-miss
157 http fetch GET 200 https://registry.npmjs.org/lightningcss-linux-arm-gnueabihf 288ms (cache miss)
158 silly packumentCache full:https://registry.npmjs.org/lightningcss-linux-arm-gnueabihf set size:undefined disposed:false
159 silly fetch manifest @rolldown/pluginutils@1.0.0-rc.12
160 silly packumentCache full:https://registry.npmjs.org/@rolldown%2fpluginutils cache-miss
161 http fetch GET 200 https://registry.npmjs.org/lightningcss-darwin-arm64 291ms (cache miss)
162 silly packumentCache full:https://registry.npmjs.org/lightningcss-darwin-arm64 set size:undefined disposed:false
163 silly fetch manifest @rolldown/binding-darwin-x64@1.0.0-rc.12
164 silly packumentCache full:https://registry.npmjs.org/@rolldown%2fbinding-darwin-x64 cache-miss
165 http fetch GET 200 https://registry.npmjs.org/nanoid 231ms (cache miss)
166 silly packumentCache full:https://registry.npmjs.org/nanoid set size:undefined disposed:false
167 silly fetch manifest @rolldown/binding-freebsd-x64@1.0.0-rc.12
168 silly packumentCache full:https://registry.npmjs.org/@rolldown%2fbinding-freebsd-x64 cache-miss
169 http fetch GET 200 https://registry.npmjs.org/@oxc-project%2ftypes 214ms (cache miss)
170 silly packumentCache full:https://registry.npmjs.org/@oxc-project%2ftypes set size:undefined disposed:false
171 silly fetch manifest @rolldown/binding-wasm32-wasi@1.0.0-rc.12
172 silly packumentCache full:https://registry.npmjs.org/@rolldown%2fbinding-wasm32-wasi cache-miss
173 http fetch GET 200 https://registry.npmjs.org/picocolors 231ms (cache miss)
174 silly packumentCache full:https://registry.npmjs.org/picocolors set size:undefined disposed:false
175 silly fetch manifest @rolldown/binding-darwin-arm64@1.0.0-rc.12
176 silly packumentCache full:https://registry.npmjs.org/@rolldown%2fbinding-darwin-arm64 cache-miss
177 http fetch GET 200 https://registry.npmjs.org/@rolldown%2fpluginutils 194ms (cache miss)
178 silly packumentCache full:https://registry.npmjs.org/@rolldown%2fpluginutils set size:undefined disposed:false
179 silly fetch manifest @rolldown/binding-android-arm64@1.0.0-rc.12
180 silly packumentCache full:https://registry.npmjs.org/@rolldown%2fbinding-android-arm64 cache-miss
181 http fetch GET 200 https://registry.npmjs.org/lightningcss-linux-x64-gnu 614ms (cache miss)
182 silly packumentCache full:https://registry.npmjs.org/lightningcss-linux-x64-gnu set size:undefined disposed:false
183 silly fetch manifest @rolldown/binding-linux-x64-gnu@1.0.0-rc.12
184 silly packumentCache full:https://registry.npmjs.org/@rolldown%2fbinding-linux-x64-gnu cache-miss
185 http fetch GET 200 https://registry.npmjs.org/lightningcss-linux-arm64-musl 650ms (cache miss)
186 silly packumentCache full:https://registry.npmjs.org/lightningcss-linux-arm64-musl set size:undefined disposed:false
187 silly fetch manifest @rolldown/binding-linux-x64-musl@1.0.0-rc.12
188 silly packumentCache full:https://registry.npmjs.org/@rolldown%2fbinding-linux-x64-musl cache-miss
189 http fetch GET 200 https://registry.npmjs.org/lightningcss-linux-arm64-gnu 654ms (cache miss)
190 silly packumentCache full:https://registry.npmjs.org/lightningcss-linux-arm64-gnu set size:undefined disposed:false
191 silly fetch manifest @rolldown/binding-win32-x64-msvc@1.0.0-rc.12
192 silly packumentCache full:https://registry.npmjs.org/@rolldown%2fbinding-win32-x64-msvc cache-miss
193 http fetch GET 200 https://registry.npmjs.org/@rolldown%2fbinding-darwin-arm64 200ms (cache miss)
194 silly packumentCache full:https://registry.npmjs.org/@rolldown%2fbinding-darwin-arm64 set size:undefined disposed:false
195 silly fetch manifest @rolldown/binding-linux-arm64-gnu@1.0.0-rc.12
196 silly packumentCache full:https://registry.npmjs.org/@rolldown%2fbinding-linux-arm64-gnu cache-miss
197 http fetch GET 200 https://registry.npmjs.org/@rolldown%2fbinding-android-arm64 202ms (cache miss)
198 silly packumentCache full:https://registry.npmjs.org/@rolldown%2fbinding-android-arm64 set size:undefined disposed:false
199 silly fetch manifest @rolldown/binding-linux-ppc64-gnu@1.0.0-rc.12
200 silly packumentCache full:https://registry.npmjs.org/@rolldown%2fbinding-linux-ppc64-gnu cache-miss
201 http fetch GET 200 https://registry.npmjs.org/@rolldown%2fbinding-linux-x64-gnu 223ms (cache miss)
202 silly packumentCache full:https://registry.npmjs.org/@rolldown%2fbinding-linux-x64-gnu set size:undefined disposed:false
203 silly fetch manifest @rolldown/binding-linux-s390x-gnu@1.0.0-rc.12
204 silly packumentCache full:https://registry.npmjs.org/@rolldown%2fbinding-linux-s390x-gnu cache-miss
205 http fetch GET 200 https://registry.npmjs.org/source-map-js 626ms (cache miss)
206 silly packumentCache full:https://registry.npmjs.org/source-map-js set size:undefined disposed:false
207 silly fetch manifest @rolldown/binding-linux-arm64-musl@1.0.0-rc.12
208 silly packumentCache full:https://registry.npmjs.org/@rolldown%2fbinding-linux-arm64-musl cache-miss
209 http fetch GET 200 https://registry.npmjs.org/@rolldown%2fbinding-wasm32-wasi 426ms (cache miss)
210 silly packumentCache full:https://registry.npmjs.org/@rolldown%2fbinding-wasm32-wasi set size:undefined disposed:false
211 silly fetch manifest @rolldown/binding-win32-arm64-msvc@1.0.0-rc.12
212 silly packumentCache full:https://registry.npmjs.org/@rolldown%2fbinding-win32-arm64-msvc cache-miss
213 http fetch GET 200 https://registry.npmjs.org/@rolldown%2fbinding-linux-x64-musl 236ms (cache miss)
214 silly packumentCache full:https://registry.npmjs.org/@rolldown%2fbinding-linux-x64-musl set size:undefined disposed:false
215 silly fetch manifest @rolldown/binding-openharmony-arm64@1.0.0-rc.12
216 silly packumentCache full:https://registry.npmjs.org/@rolldown%2fbinding-openharmony-arm64 cache-miss
217 http fetch GET 200 https://registry.npmjs.org/@rolldown%2fbinding-linux-ppc64-gnu 234ms (cache miss)
218 silly packumentCache full:https://registry.npmjs.org/@rolldown%2fbinding-linux-ppc64-gnu set size:undefined disposed:false
219 silly fetch manifest @rolldown/binding-linux-arm-gnueabihf@1.0.0-rc.12
220 silly packumentCache full:https://registry.npmjs.org/@rolldown%2fbinding-linux-arm-gnueabihf cache-miss
221 http fetch GET 200 https://registry.npmjs.org/@rolldown%2fbinding-linux-arm64-gnu 268ms (cache miss)
222 silly packumentCache full:https://registry.npmjs.org/@rolldown%2fbinding-linux-arm64-gnu set size:undefined disposed:false
223 silly fetch manifest fdir@^6.5.0
224 silly packumentCache full:https://registry.npmjs.org/fdir cache-miss
225 http fetch GET 200 https://registry.npmjs.org/@rolldown%2fbinding-darwin-x64 656ms (cache miss)
226 silly packumentCache full:https://registry.npmjs.org/@rolldown%2fbinding-darwin-x64 set size:undefined disposed:false
227 http fetch GET 200 https://registry.npmjs.org/@rolldown%2fbinding-freebsd-x64 600ms (cache miss)
228 silly packumentCache full:https://registry.npmjs.org/@rolldown%2fbinding-freebsd-x64 set size:undefined disposed:false
229 http fetch GET 200 https://registry.npmjs.org/@rolldown%2fbinding-linux-s390x-gnu 220ms (cache miss)
230 silly packumentCache full:https://registry.npmjs.org/@rolldown%2fbinding-linux-s390x-gnu set size:undefined disposed:false
231 http fetch GET 200 https://registry.npmjs.org/@rolldown%2fbinding-linux-arm64-musl 216ms (cache miss)
232 silly packumentCache full:https://registry.npmjs.org/@rolldown%2fbinding-linux-arm64-musl set size:undefined disposed:false
233 http fetch GET 200 https://registry.npmjs.org/@rolldown%2fbinding-win32-x64-msvc 426ms (cache miss)
234 silly packumentCache full:https://registry.npmjs.org/@rolldown%2fbinding-win32-x64-msvc set size:undefined disposed:false
235 http fetch GET 200 https://registry.npmjs.org/@rolldown%2fbinding-linux-arm-gnueabihf 216ms (cache miss)
236 silly packumentCache full:https://registry.npmjs.org/@rolldown%2fbinding-linux-arm-gnueabihf set size:undefined disposed:false
237 http fetch GET 200 https://registry.npmjs.org/@rolldown%2fbinding-openharmony-arm64 276ms (cache miss)
238 silly packumentCache full:https://registry.npmjs.org/@rolldown%2fbinding-openharmony-arm64 set size:undefined disposed:false
239 http fetch GET 200 https://registry.npmjs.org/fdir 311ms (cache miss)
240 silly packumentCache full:https://registry.npmjs.org/fdir set size:undefined disposed:false
241 http fetch GET 200 https://registry.npmjs.org/@rolldown%2fbinding-win32-arm64-msvc 399ms (cache miss)
242 silly packumentCache full:https://registry.npmjs.org/@rolldown%2fbinding-win32-arm64-msvc set size:undefined disposed:false
243 silly placeDep ROOT detect-libc@2.1.2 OK for: lightningcss@1.32.0 want: ^2.0.3
244 silly placeDep ROOT lightningcss-android-arm64@1.32.0 OK for: lightningcss@1.32.0 want: 1.32.0
245 silly placeDep ROOT lightningcss-darwin-arm64@1.32.0 OK for: lightningcss@1.32.0 want: 1.32.0
246 silly placeDep ROOT lightningcss-darwin-x64@1.32.0 OK for: lightningcss@1.32.0 want: 1.32.0
247 silly placeDep ROOT lightningcss-freebsd-x64@1.32.0 OK for: lightningcss@1.32.0 want: 1.32.0
248 silly placeDep ROOT lightningcss-linux-arm-gnueabihf@1.32.0 OK for: lightningcss@1.32.0 want: 1.32.0
249 silly placeDep ROOT lightningcss-linux-arm64-gnu@1.32.0 OK for: lightningcss@1.32.0 want: 1.32.0
250 silly placeDep ROOT lightningcss-linux-arm64-musl@1.32.0 OK for: lightningcss@1.32.0 want: 1.32.0
251 silly placeDep ROOT lightningcss-linux-x64-gnu@1.32.0 OK for: lightningcss@1.32.0 want: 1.32.0
252 silly placeDep ROOT lightningcss-linux-x64-musl@1.32.0 OK for: lightningcss@1.32.0 want: 1.32.0
253 silly placeDep ROOT lightningcss-win32-arm64-msvc@1.32.0 OK for: lightningcss@1.32.0 want: 1.32.0
254 silly placeDep ROOT lightningcss-win32-x64-msvc@1.32.0 OK for: lightningcss@1.32.0 want: 1.32.0
255 silly placeDep ROOT nanoid@3.3.11 OK for: postcss@8.5.8 want: ^3.3.11
256 silly placeDep ROOT picocolors@1.1.1 OK for: postcss@8.5.8 want: ^1.1.1
257 silly placeDep ROOT source-map-js@1.2.1 OK for: postcss@8.5.8 want: ^1.2.1
258 silly placeDep ROOT @oxc-project/types@0.122.0 OK for: rolldown@1.0.0-rc.12 want: =0.122.0
259 silly placeDep ROOT @rolldown/binding-android-arm64@1.0.0-rc.12 OK for: rolldown@1.0.0-rc.12 want: 1.0.0-rc.12
260 silly placeDep ROOT @rolldown/binding-darwin-arm64@1.0.0-rc.12 OK for: rolldown@1.0.0-rc.12 want: 1.0.0-rc.12
261 silly placeDep ROOT @rolldown/binding-darwin-x64@1.0.0-rc.12 OK for: rolldown@1.0.0-rc.12 want: 1.0.0-rc.12
262 silly placeDep ROOT @rolldown/binding-freebsd-x64@1.0.0-rc.12 OK for: rolldown@1.0.0-rc.12 want: 1.0.0-rc.12
263 silly placeDep ROOT @rolldown/binding-linux-arm-gnueabihf@1.0.0-rc.12 OK for: rolldown@1.0.0-rc.12 want: 1.0.0-rc.12
264 silly placeDep ROOT @rolldown/binding-linux-arm64-gnu@1.0.0-rc.12 OK for: rolldown@1.0.0-rc.12 want: 1.0.0-rc.12
265 silly placeDep ROOT @rolldown/binding-linux-arm64-musl@1.0.0-rc.12 OK for: rolldown@1.0.0-rc.12 want: 1.0.0-rc.12
266 silly placeDep ROOT @rolldown/binding-linux-ppc64-gnu@1.0.0-rc.12 OK for: rolldown@1.0.0-rc.12 want: 1.0.0-rc.12
267 silly placeDep ROOT @rolldown/binding-linux-s390x-gnu@1.0.0-rc.12 OK for: rolldown@1.0.0-rc.12 want: 1.0.0-rc.12
268 silly placeDep ROOT @rolldown/binding-linux-x64-gnu@1.0.0-rc.12 OK for: rolldown@1.0.0-rc.12 want: 1.0.0-rc.12
269 silly placeDep ROOT @rolldown/binding-linux-x64-musl@1.0.0-rc.12 OK for: rolldown@1.0.0-rc.12 want: 1.0.0-rc.12
270 silly placeDep ROOT @rolldown/binding-openharmony-arm64@1.0.0-rc.12 OK for: rolldown@1.0.0-rc.12 want: 1.0.0-rc.12
271 silly placeDep ROOT @rolldown/binding-wasm32-wasi@1.0.0-rc.12 OK for: rolldown@1.0.0-rc.12 want: 1.0.0-rc.12
272 silly placeDep ROOT @rolldown/binding-win32-arm64-msvc@1.0.0-rc.12 OK for: rolldown@1.0.0-rc.12 want: 1.0.0-rc.12
273 silly placeDep ROOT @rolldown/binding-win32-x64-msvc@1.0.0-rc.12 OK for: rolldown@1.0.0-rc.12 want: 1.0.0-rc.12
274 silly placeDep ROOT @rolldown/pluginutils@1.0.0-rc.12 OK for: rolldown@1.0.0-rc.12 want: 1.0.0-rc.12
275 silly fetch manifest @napi-rs/wasm-runtime@^1.1.1
276 silly packumentCache full:https://registry.npmjs.org/@napi-rs%2fwasm-runtime cache-miss
277 http fetch GET 200 https://registry.npmjs.org/@napi-rs%2fwasm-runtime 599ms (cache miss)
278 silly packumentCache full:https://registry.npmjs.org/@napi-rs%2fwasm-runtime set size:undefined disposed:false
279 silly fetch manifest @emnapi/core@^1.7.1
280 silly packumentCache full:https://registry.npmjs.org/@emnapi%2fcore cache-miss
281 http fetch GET 200 https://registry.npmjs.org/@emnapi%2fcore 850ms (cache miss)
282 silly packumentCache full:https://registry.npmjs.org/@emnapi%2fcore set size:undefined disposed:false
283 silly fetch manifest @emnapi/runtime@^1.7.1
284 silly packumentCache full:https://registry.npmjs.org/@emnapi%2fruntime cache-miss
285 http fetch GET 200 https://registry.npmjs.org/@emnapi%2fruntime 996ms (cache miss)
286 silly packumentCache full:https://registry.npmjs.org/@emnapi%2fruntime set size:undefined disposed:false
287 silly placeDep ROOT @napi-rs/wasm-runtime@1.1.2 OK for: @rolldown/binding-wasm32-wasi@1.0.0-rc.12 want: ^1.1.1
288 silly placeDep ROOT @emnapi/core@1.9.2 OK for: @napi-rs/wasm-runtime@1.1.2 want: ^1.7.1
289 silly placeDep ROOT @emnapi/runtime@1.9.2 OK for: @napi-rs/wasm-runtime@1.1.2 want: ^1.7.1
290 silly fetch manifest @tybys/wasm-util@^0.10.1
291 silly packumentCache full:https://registry.npmjs.org/@tybys%2fwasm-util cache-miss
292 silly fetch manifest tslib@^2.4.0
293 silly packumentCache full:https://registry.npmjs.org/tslib cache-miss
294 silly fetch manifest @emnapi/wasi-threads@1.2.1
295 silly packumentCache full:https://registry.npmjs.org/@emnapi%2fwasi-threads cache-miss
296 silly fetch manifest tslib@^2.4.0
297 silly packumentCache full:https://registry.npmjs.org/tslib cache-miss
298 http fetch GET 200 https://registry.npmjs.org/tslib 225ms (cache miss)
299 silly packumentCache full:https://registry.npmjs.org/tslib set size:undefined disposed:false
300 http fetch GET 200 https://registry.npmjs.org/tslib 228ms (cache miss)
301 silly packumentCache full:https://registry.npmjs.org/tslib set size:undefined disposed:false
302 http fetch GET 200 https://registry.npmjs.org/@tybys%2fwasm-util 785ms (cache miss)
303 silly packumentCache full:https://registry.npmjs.org/@tybys%2fwasm-util set size:undefined disposed:false
304 http fetch GET 200 https://registry.npmjs.org/@emnapi%2fwasi-threads 1002ms (cache miss)
305 silly packumentCache full:https://registry.npmjs.org/@emnapi%2fwasi-threads set size:undefined disposed:false
306 silly placeDep ROOT @emnapi/wasi-threads@1.2.1 OK for: @emnapi/core@1.9.2 want: 1.2.1
307 silly placeDep ROOT tslib@2.8.1 OK for: @emnapi/core@1.9.2 want: ^2.4.0
308 silly placeDep ROOT @tybys/wasm-util@0.10.1 OK for: @napi-rs/wasm-runtime@1.1.2 want: ^0.10.1
309 silly fetch manifest picomatch@^4.0.3
310 silly packumentCache full:https://registry.npmjs.org/picomatch cache-miss
311 http fetch GET 200 https://registry.npmjs.org/picomatch 6ms (cache hit)
312 silly packumentCache full:https://registry.npmjs.org/picomatch set size:126376 disposed:false
313 silly placeDep ROOT fdir@6.5.0 OK for: tinyglobby@0.2.15 want: ^6.5.0
314 silly reify moves {}
315 silly audit bulk request {
315 silly audit   '@chenglou/pretext': [ '0.0.4' ],
315 silly audit   typescript: [ '6.0.2' ],
315 silly audit   vite: [ '8.0.3' ],
315 silly audit   fsevents: [ '2.3.3' ],
315 silly audit   lightningcss: [ '1.32.0' ],
315 silly audit   picomatch: [ '4.0.4' ],
315 silly audit   postcss: [ '8.5.8' ],
315 silly audit   rolldown: [ '1.0.0-rc.12' ],
315 silly audit   tinyglobby: [ '0.2.15' ],
315 silly audit   'detect-libc': [ '2.1.2' ],
315 silly audit   'lightningcss-android-arm64': [ '1.32.0' ],
315 silly audit   'lightningcss-darwin-arm64': [ '1.32.0' ],
315 silly audit   'lightningcss-darwin-x64': [ '1.32.0' ],
315 silly audit   'lightningcss-freebsd-x64': [ '1.32.0' ],
315 silly audit   'lightningcss-linux-arm-gnueabihf': [ '1.32.0' ],
315 silly audit   'lightningcss-linux-arm64-gnu': [ '1.32.0' ],
315 silly audit   'lightningcss-linux-arm64-musl': [ '1.32.0' ],
315 silly audit   'lightningcss-linux-x64-gnu': [ '1.32.0' ],
315 silly audit   'lightningcss-linux-x64-musl': [ '1.32.0' ],
315 silly audit   'lightningcss-win32-arm64-msvc': [ '1.32.0' ],
315 silly audit   'lightningcss-win32-x64-msvc': [ '1.32.0' ],
315 silly audit   nanoid: [ '3.3.11' ],
315 silly audit   picocolors: [ '1.1.1' ],
315 silly audit   'source-map-js': [ '1.2.1' ],
315 silly audit   '@oxc-project/types': [ '0.122.0' ],
315 silly audit   '@rolldown/binding-android-arm64': [ '1.0.0-rc.12' ],
315 silly audit   '@rolldown/binding-darwin-arm64': [ '1.0.0-rc.12' ],
315 silly audit   '@rolldown/binding-darwin-x64': [ '1.0.0-rc.12' ],
315 silly audit   '@rolldown/binding-freebsd-x64': [ '1.0.0-rc.12' ],
315 silly audit   '@rolldown/binding-linux-arm-gnueabihf': [ '1.0.0-rc.12' ],
315 silly audit   '@rolldown/binding-linux-arm64-gnu': [ '1.0.0-rc.12' ],
315 silly audit   '@rolldown/binding-linux-arm64-musl': [ '1.0.0-rc.12' ],
315 silly audit   '@rolldown/binding-linux-ppc64-gnu': [ '1.0.0-rc.12' ],
315 silly audit   '@rolldown/binding-linux-s390x-gnu': [ '1.0.0-rc.12' ],
315 silly audit   '@rolldown/binding-linux-x64-gnu': [ '1.0.0-rc.12' ],
315 silly audit   '@rolldown/binding-linux-x64-musl': [ '1.0.0-rc.12' ],
315 silly audit   '@rolldown/binding-openharmony-arm64': [ '1.0.0-rc.12' ],
315 silly audit   '@rolldown/binding-wasm32-wasi': [ '1.0.0-rc.12' ],
315 silly audit   '@rolldown/binding-win32-arm64-msvc': [ '1.0.0-rc.12' ],
315 silly audit   '@rolldown/binding-win32-x64-msvc': [ '1.0.0-rc.12' ],
315 silly audit   '@rolldown/pluginutils': [ '1.0.0-rc.12' ],
315 silly audit   '@napi-rs/wasm-runtime': [ '1.1.2' ],
315 silly audit   '@emnapi/core': [ '1.9.2' ],
315 silly audit   '@emnapi/runtime': [ '1.9.2' ],
315 silly audit   '@emnapi/wasi-threads': [ '1.2.1' ],
315 silly audit   tslib: [ '2.8.1' ],
315 silly audit   '@tybys/wasm-util': [ '0.10.1' ],
315 silly audit   fdir: [ '6.5.0' ]
315 silly audit }
316 verbose reify failed optional dependency /Users/conkonig/development/tools/video-to-pretext/node_modules/@rolldown/binding-win32-x64-msvc
317 silly reify mark deleted [
317 silly reify   '/Users/conkonig/development/tools/video-to-pretext/node_modules/@rolldown/binding-win32-x64-msvc'
317 silly reify ]
318 verbose reify failed optional dependency /Users/conkonig/development/tools/video-to-pretext/node_modules/@rolldown/binding-win32-arm64-msvc
319 silly reify mark deleted [
319 silly reify   '/Users/conkonig/development/tools/video-to-pretext/node_modules/@rolldown/binding-win32-arm64-msvc'
319 silly reify ]
320 verbose reify failed optional dependency /Users/conkonig/development/tools/video-to-pretext/node_modules/@rolldown/binding-wasm32-wasi
321 silly reify mark deleted [
321 silly reify   '/Users/conkonig/development/tools/video-to-pretext/node_modules/@rolldown/binding-wasm32-wasi'
321 silly reify ]
322 verbose reify failed optional dependency /Users/conkonig/development/tools/video-to-pretext/node_modules/@napi-rs/wasm-runtime
323 silly reify mark deleted [
323 silly reify   '/Users/conkonig/development/tools/video-to-pretext/node_modules/@napi-rs/wasm-runtime'
323 silly reify ]
324 verbose reify failed optional dependency /Users/conkonig/development/tools/video-to-pretext/node_modules/@emnapi/core
325 silly reify mark deleted [
325 silly reify   '/Users/conkonig/development/tools/video-to-pretext/node_modules/@emnapi/core'
325 silly reify ]
326 verbose reify failed optional dependency /Users/conkonig/development/tools/video-to-pretext/node_modules/@emnapi/runtime
327 silly reify mark deleted [
327 silly reify   '/Users/conkonig/development/tools/video-to-pretext/node_modules/@emnapi/runtime'
327 silly reify ]
328 verbose reify failed optional dependency /Users/conkonig/development/tools/video-to-pretext/node_modules/@tybys/wasm-util
329 silly reify mark deleted [
329 silly reify   '/Users/conkonig/development/tools/video-to-pretext/node_modules/@tybys/wasm-util'
329 silly reify ]
330 verbose reify failed optional dependency /Users/conkonig/development/tools/video-to-pretext/node_modules/@emnapi/wasi-threads
331 silly reify mark deleted [
331 silly reify   '/Users/conkonig/development/tools/video-to-pretext/node_modules/@emnapi/wasi-threads'
331 silly reify ]
332 verbose reify failed optional dependency /Users/conkonig/development/tools/video-to-pretext/node_modules/tslib
333 silly reify mark deleted [
333 silly reify   '/Users/conkonig/development/tools/video-to-pretext/node_modules/tslib'
333 silly reify ]
334 verbose reify failed optional dependency /Users/conkonig/development/tools/video-to-pretext/node_modules/@rolldown/binding-openharmony-arm64
335 silly reify mark deleted [
335 silly reify   '/Users/conkonig/development/tools/video-to-pretext/node_modules/@rolldown/binding-openharmony-arm64'
335 silly reify ]
336 verbose reify failed optional dependency /Users/conkonig/development/tools/video-to-pretext/node_modules/@rolldown/binding-linux-x64-musl
337 silly reify mark deleted [
337 silly reify   '/Users/conkonig/development/tools/video-to-pretext/node_modules/@rolldown/binding-linux-x64-musl'
337 silly reify ]
338 verbose reify failed optional dependency /Users/conkonig/development/tools/video-to-pretext/node_modules/@rolldown/binding-linux-x64-gnu
339 silly reify mark deleted [
339 silly reify   '/Users/conkonig/development/tools/video-to-pretext/node_modules/@rolldown/binding-linux-x64-gnu'
339 silly reify ]
340 verbose reify failed optional dependency /Users/conkonig/development/tools/video-to-pretext/node_modules/@rolldown/binding-linux-s390x-gnu
341 silly reify mark deleted [
341 silly reify   '/Users/conkonig/development/tools/video-to-pretext/node_modules/@rolldown/binding-linux-s390x-gnu'
341 silly reify ]
342 verbose reify failed optional dependency /Users/conkonig/development/tools/video-to-pretext/node_modules/@rolldown/binding-linux-ppc64-gnu
343 silly reify mark deleted [
343 silly reify   '/Users/conkonig/development/tools/video-to-pretext/node_modules/@rolldown/binding-linux-ppc64-gnu'
343 silly reify ]
344 verbose reify failed optional dependency /Users/conkonig/development/tools/video-to-pretext/node_modules/@rolldown/binding-linux-arm64-musl
345 silly reify mark deleted [
345 silly reify   '/Users/conkonig/development/tools/video-to-pretext/node_modules/@rolldown/binding-linux-arm64-musl'
345 silly reify ]
346 verbose reify failed optional dependency /Users/conkonig/development/tools/video-to-pretext/node_modules/@rolldown/binding-linux-arm64-gnu
347 silly reify mark deleted [
347 silly reify   '/Users/conkonig/development/tools/video-to-pretext/node_modules/@rolldown/binding-linux-arm64-gnu'
347 silly reify ]
348 verbose reify failed optional dependency /Users/conkonig/development/tools/video-to-pretext/node_modules/@rolldown/binding-linux-arm-gnueabihf
349 silly reify mark deleted [
349 silly reify   '/Users/conkonig/development/tools/video-to-pretext/node_modules/@rolldown/binding-linux-arm-gnueabihf'
349 silly reify ]
350 verbose reify failed optional dependency /Users/conkonig/development/tools/video-to-pretext/node_modules/@rolldown/binding-freebsd-x64
351 silly reify mark deleted [
351 silly reify   '/Users/conkonig/development/tools/video-to-pretext/node_modules/@rolldown/binding-freebsd-x64'
351 silly reify ]
352 verbose reify failed optional dependency /Users/conkonig/development/tools/video-to-pretext/node_modules/@rolldown/binding-darwin-x64
353 silly reify mark deleted [
353 silly reify   '/Users/conkonig/development/tools/video-to-pretext/node_modules/@rolldown/binding-darwin-x64'
353 silly reify ]
354 verbose reify failed optional dependency /Users/conkonig/development/tools/video-to-pretext/node_modules/@rolldown/binding-android-arm64
355 silly reify mark deleted [
355 silly reify   '/Users/conkonig/development/tools/video-to-pretext/node_modules/@rolldown/binding-android-arm64'
355 silly reify ]
356 verbose reify failed optional dependency /Users/conkonig/development/tools/video-to-pretext/node_modules/lightningcss-win32-x64-msvc
357 silly reify mark deleted [
357 silly reify   '/Users/conkonig/development/tools/video-to-pretext/node_modules/lightningcss-win32-x64-msvc'
357 silly reify ]
358 verbose reify failed optional dependency /Users/conkonig/development/tools/video-to-pretext/node_modules/lightningcss-win32-arm64-msvc
359 silly reify mark deleted [
359 silly reify   '/Users/conkonig/development/tools/video-to-pretext/node_modules/lightningcss-win32-arm64-msvc'
359 silly reify ]
360 verbose reify failed optional dependency /Users/conkonig/development/tools/video-to-pretext/node_modules/lightningcss-linux-x64-musl
361 silly reify mark deleted [
361 silly reify   '/Users/conkonig/development/tools/video-to-pretext/node_modules/lightningcss-linux-x64-musl'
361 silly reify ]
362 verbose reify failed optional dependency /Users/conkonig/development/tools/video-to-pretext/node_modules/lightningcss-linux-x64-gnu
363 silly reify mark deleted [
363 silly reify   '/Users/conkonig/development/tools/video-to-pretext/node_modules/lightningcss-linux-x64-gnu'
363 silly reify ]
364 verbose reify failed optional dependency /Users/conkonig/development/tools/video-to-pretext/node_modules/lightningcss-linux-arm64-musl
365 silly reify mark deleted [
365 silly reify   '/Users/conkonig/development/tools/video-to-pretext/node_modules/lightningcss-linux-arm64-musl'
365 silly reify ]
366 verbose reify failed optional dependency /Users/conkonig/development/tools/video-to-pretext/node_modules/lightningcss-linux-arm64-gnu
367 silly reify mark deleted [
367 silly reify   '/Users/conkonig/development/tools/video-to-pretext/node_modules/lightningcss-linux-arm64-gnu'
367 silly reify ]
368 verbose reify failed optional dependency /Users/conkonig/development/tools/video-to-pretext/node_modules/lightningcss-linux-arm-gnueabihf
369 silly reify mark deleted [
369 silly reify   '/Users/conkonig/development/tools/video-to-pretext/node_modules/lightningcss-linux-arm-gnueabihf'
369 silly reify ]
370 verbose reify failed optional dependency /Users/conkonig/development/tools/video-to-pretext/node_modules/lightningcss-freebsd-x64
371 silly reify mark deleted [
371 silly reify   '/Users/conkonig/development/tools/video-to-pretext/node_modules/lightningcss-freebsd-x64'
371 silly reify ]
372 verbose reify failed optional dependency /Users/conkonig/development/tools/video-to-pretext/node_modules/lightningcss-darwin-x64
373 silly reify mark deleted [
373 silly reify   '/Users/conkonig/development/tools/video-to-pretext/node_modules/lightningcss-darwin-x64'
373 silly reify ]
374 verbose reify failed optional dependency /Users/conkonig/development/tools/video-to-pretext/node_modules/lightningcss-android-arm64
375 silly reify mark deleted [
375 silly reify   '/Users/conkonig/development/tools/video-to-pretext/node_modules/lightningcss-android-arm64'
375 silly reify ]
376 silly tarball no local data for @tybys/wasm-util@https://registry.npmjs.org/@tybys/wasm-util/-/wasm-util-0.10.1.tgz. Extracting by manifest.
377 silly tarball no local data for fdir@https://registry.npmjs.org/fdir/-/fdir-6.5.0.tgz. Extracting by manifest.
378 silly tarball no local data for tslib@https://registry.npmjs.org/tslib/-/tslib-2.8.1.tgz. Extracting by manifest.
379 silly tarball no local data for @emnapi/wasi-threads@https://registry.npmjs.org/@emnapi/wasi-threads/-/wasi-threads-1.2.1.tgz. Extracting by manifest.
380 silly tarball no local data for @emnapi/runtime@https://registry.npmjs.org/@emnapi/runtime/-/runtime-1.9.2.tgz. Extracting by manifest.
381 silly tarball no local data for @emnapi/core@https://registry.npmjs.org/@emnapi/core/-/core-1.9.2.tgz. Extracting by manifest.
382 silly tarball no local data for @napi-rs/wasm-runtime@https://registry.npmjs.org/@napi-rs/wasm-runtime/-/wasm-runtime-1.1.2.tgz. Extracting by manifest.
383 silly tarball no local data for @rolldown/pluginutils@https://registry.npmjs.org/@rolldown/pluginutils/-/pluginutils-1.0.0-rc.12.tgz. Extracting by manifest.
384 silly tarball no local data for @rolldown/binding-darwin-arm64@https://registry.npmjs.org/@rolldown/binding-darwin-arm64/-/binding-darwin-arm64-1.0.0-rc.12.tgz. Extracting by manifest.
385 silly tarball no local data for source-map-js@https://registry.npmjs.org/source-map-js/-/source-map-js-1.2.1.tgz. Extracting by manifest.
386 silly tarball no local data for @oxc-project/types@https://registry.npmjs.org/@oxc-project/types/-/types-0.122.0.tgz. Extracting by manifest.
387 silly tarball no local data for picocolors@https://registry.npmjs.org/picocolors/-/picocolors-1.1.1.tgz. Extracting by manifest.
388 silly tarball no local data for nanoid@https://registry.npmjs.org/nanoid/-/nanoid-3.3.11.tgz. Extracting by manifest.
389 silly tarball no local data for lightningcss-darwin-arm64@https://registry.npmjs.org/lightningcss-darwin-arm64/-/lightningcss-darwin-arm64-1.32.0.tgz. Extracting by manifest.
390 silly tarball no local data for detect-libc@https://registry.npmjs.org/detect-libc/-/detect-libc-2.1.2.tgz. Extracting by manifest.
391 silly tarball no local data for tinyglobby@https://registry.npmjs.org/tinyglobby/-/tinyglobby-0.2.15.tgz. Extracting by manifest.
392 silly tarball no local data for rolldown@https://registry.npmjs.org/rolldown/-/rolldown-1.0.0-rc.12.tgz. Extracting by manifest.
393 silly tarball no local data for postcss@https://registry.npmjs.org/postcss/-/postcss-8.5.8.tgz. Extracting by manifest.
394 silly tarball no local data for picomatch@https://registry.npmjs.org/picomatch/-/picomatch-4.0.4.tgz. Extracting by manifest.
395 silly tarball no local data for lightningcss@https://registry.npmjs.org/lightningcss/-/lightningcss-1.32.0.tgz. Extracting by manifest.
396 silly tarball no local data for fsevents@https://registry.npmjs.org/fsevents/-/fsevents-2.3.3.tgz. Extracting by manifest.
397 silly tarball no local data for vite@https://registry.npmjs.org/vite/-/vite-8.0.3.tgz. Extracting by manifest.
398 silly tarball no local data for typescript@https://registry.npmjs.org/typescript/-/typescript-6.0.2.tgz. Extracting by manifest.
399 silly tarball no local data for @chenglou/pretext@https://registry.npmjs.org/@chenglou/pretext/-/pretext-0.0.4.tgz. Extracting by manifest.
400 http fetch GET 200 https://registry.npmjs.org/fdir/-/fdir-6.5.0.tgz 122ms (cache miss)
401 http fetch GET 200 https://registry.npmjs.org/detect-libc/-/detect-libc-2.1.2.tgz 127ms (cache miss)
402 http fetch GET 200 https://registry.npmjs.org/tslib/-/tslib-2.8.1.tgz 142ms (cache miss)
403 http fetch GET 200 https://registry.npmjs.org/tinyglobby/-/tinyglobby-0.2.15.tgz 129ms (cache miss)
404 http fetch GET 200 https://registry.npmjs.org/picocolors/-/picocolors-1.1.1.tgz 133ms (cache miss)
405 http fetch GET 200 https://registry.npmjs.org/fsevents/-/fsevents-2.3.3.tgz 158ms (cache miss)
406 http fetch GET 200 https://registry.npmjs.org/nanoid/-/nanoid-3.3.11.tgz 161ms (cache miss)
407 http fetch GET 200 https://registry.npmjs.org/picomatch/-/picomatch-4.0.4.tgz 174ms (cache miss)
408 http fetch GET 200 https://registry.npmjs.org/source-map-js/-/source-map-js-1.2.1.tgz 189ms (cache miss)
409 http fetch GET 200 https://registry.npmjs.org/postcss/-/postcss-8.5.8.tgz 207ms (cache miss)
410 http fetch POST 200 https://registry.npmjs.org/-/npm/v1/security/advisories/bulk 255ms
411 silly audit report {}
412 http fetch GET 200 https://registry.npmjs.org/lightningcss/-/lightningcss-1.32.0.tgz 212ms (cache miss)
413 http fetch GET 200 https://registry.npmjs.org/rolldown/-/rolldown-1.0.0-rc.12.tgz 244ms (cache miss)
414 http fetch GET 200 https://registry.npmjs.org/@emnapi/wasi-threads/-/wasi-threads-1.2.1.tgz 273ms (cache miss)
415 http fetch GET 200 https://registry.npmjs.org/@rolldown/pluginutils/-/pluginutils-1.0.0-rc.12.tgz 292ms (cache miss)
416 http fetch GET 200 https://registry.npmjs.org/@oxc-project/types/-/types-0.122.0.tgz 319ms (cache miss)
417 http fetch GET 200 https://registry.npmjs.org/vite/-/vite-8.0.3.tgz 325ms (cache miss)
418 http fetch GET 200 https://registry.npmjs.org/@emnapi/core/-/core-1.9.2.tgz 373ms (cache miss)
419 http fetch GET 200 https://registry.npmjs.org/@napi-rs/wasm-runtime/-/wasm-runtime-1.1.2.tgz 483ms (cache miss)
420 http fetch GET 200 https://registry.npmjs.org/lightningcss-darwin-arm64/-/lightningcss-darwin-arm64-1.32.0.tgz 529ms (cache miss)
421 http fetch GET 200 https://registry.npmjs.org/@emnapi/runtime/-/runtime-1.9.2.tgz 665ms (cache miss)
422 http fetch GET 200 https://registry.npmjs.org/@tybys/wasm-util/-/wasm-util-0.10.1.tgz 705ms (cache miss)
423 http fetch GET 200 https://registry.npmjs.org/@rolldown/binding-darwin-arm64/-/binding-darwin-arm64-1.0.0-rc.12.tgz 775ms (cache miss)
424 http fetch GET 200 https://registry.npmjs.org/typescript/-/typescript-6.0.2.tgz 768ms (cache miss)
425 http fetch GET 200 https://registry.npmjs.org/@chenglou/pretext/-/pretext-0.0.4.tgz 1007ms (cache miss)
426 info run fsevents@2.3.3 install node_modules/fsevents node-gyp rebuild
427 info run fsevents@2.3.3 install { code: 1, signal: null }
428 verbose reify failed optional dependency /Users/conkonig/development/tools/video-to-pretext/node_modules/fsevents
429 silly reify mark deleted [
429 silly reify   '/Users/conkonig/development/tools/video-to-pretext/node_modules/fsevents'
429 silly reify ]
430 silly ADD node_modules/fdir
431 silly ADD
432 silly ADD
433 silly ADD
434 silly ADD
435 silly ADD
436 silly ADD
437 silly ADD node_modules/@rolldown/pluginutils
438 silly ADD
439 silly ADD
440 silly ADD
441 silly ADD
442 silly ADD
443 silly ADD
444 silly ADD
445 silly ADD
446 silly ADD
447 silly ADD
448 silly ADD
449 silly ADD
450 silly ADD
451 silly ADD node_modules/@rolldown/binding-darwin-arm64
452 silly ADD
453 silly ADD node_modules/@oxc-project/types
454 silly ADD node_modules/source-map-js
455 silly ADD node_modules/picocolors
456 silly ADD node_modules/nanoid
457 silly ADD
458 silly ADD
459 silly ADD
460 silly ADD
461 silly ADD
462 silly ADD
463 silly ADD
464 silly ADD
465 silly ADD
466 silly ADD node_modules/lightningcss-darwin-arm64
467 silly ADD
468 silly ADD node_modules/detect-libc
469 silly ADD node_modules/tinyglobby
470 silly ADD node_modules/rolldown
471 silly ADD node_modules/postcss
472 silly ADD node_modules/picomatch
473 silly ADD node_modules/lightningcss
474 silly ADD
475 silly ADD node_modules/vite
476 silly ADD node_modules/typescript
477 silly ADD node_modules/@chenglou/pretext
478 verbose cwd /Users/conkonig/development/tools/video-to-pretext
479 verbose os Darwin 24.2.0
480 verbose node v20.19.0
481 verbose npm  v10.8.2
482 verbose exit 0
483 info ok
